2019-02-12 05:30:38 [@ubuntu10]
Внутренний #1: Запуск telemetry
2019-02-12 05:44:34 [2@ubuntu10]
Внутренний #1: Запуск temp
2019-02-12 05:45:21 [@ubuntu10]
Внутренний #1: Запуск graph
2019-02-12 05:46:46 [@ubuntu10]
Внутренний #1: Запуск reservation
2019-02-12 05:47:53 [@ubuntu10]
Внутренний #1: Запуск closeticket
2019-02-12 05:48:02 [@ubuntu10]
Внутренний #1: Запуск slaticket
2019-02-12 05:49:08 [@ubuntu10]
Внутренний #1: Запуск olaticket
2019-02-12 05:55:24 [2@ubuntu10]
Внутренний #1: Запуск queuednotification
2019-02-12 06:01:21 [2@ubuntu10]
Внутренний #1: Запуск planningrecall
2019-02-12 06:08:46 [2@ubuntu10]
Внутренний #1: Запуск ticketrecurrent
2019-02-12 06:15:31 [2@ubuntu10]
Внутренний #1: Запуск mailgate
2019-02-12 06:17:56 [4@ubuntu10]
Внутренний #1: Запуск slaticket
2019-02-12 06:18:02 [@ubuntu10]
Внутренний #1: Запуск olaticket
2019-02-12 06:33:20 [4@ubuntu10]
Внутренний #1: Запуск queuednotification
2019-02-12 06:38:30 [4@ubuntu10]
Внутренний #1: Запуск planningrecall
2019-02-12 07:33:54 [4@ubuntu10]
Внутренний #1: Запуск slaticket
2019-02-12 07:39:33 [4@ubuntu10]
Внутренний #1: Запуск olaticket
2019-02-12 07:42:22 [2@ubuntu10]
Внутренний #1: Запуск mailgate
2019-02-12 07:42:27 [@ubuntu10]
Внутренний #1: Запуск queuednotification
2019-02-12 07:42:42 [@ubuntu10]
Внутренний #1: Запуск planningrecall
2019-02-12 08:46:49 [2@ubuntu10]
Внутренний #1: Запуск temp
2019-02-12 10:34:17 [2@ubuntu10]
Внутренний #1: Запуск graph
2019-02-12 10:50:31 [2@ubuntu10]
Внутренний #1: Запуск reservation
2019-02-12 11:05:01 [2@ubuntu10]
Внутренний #1: Запуск ticketrecurrent
2019-02-12 11:15:34 [2@ubuntu10]
Внутренний #1: Запуск slaticket
2019-02-12 11:21:11 [2@ubuntu10]
Внутренний #1: Запуск queuednotification
2019-02-12 11:32:25 [2@ubuntu10]
Внутренний #1: Запуск olaticket
2019-02-12 11:41:42 [2@ubuntu10]
Внутренний #1: Запуск planningrecall
2019-02-12 11:55:05 [2@ubuntu10]
Внутренний #1: Запуск mailgate
2019-02-12 12:00:08 [2@ubuntu10]
Внутренний #1: Запуск temp
2019-02-13 02:30:49 [2@ubuntu10]
Внутренний #1: Запуск mailgateerror
2019-02-13 04:05:05 [2@ubuntu10]
Внутренний #1: Запуск contract
2019-02-13 04:17:18 [2@ubuntu10]
Внутренний #1: Запуск infocom
2019-02-13 04:22:33 [2@ubuntu10]
Внутренний #1: Запуск session
2019-02-13 04:30:07 [2@ubuntu10]
Внутренний #1: Запуск slaticket
2019-02-13 04:35:24 [2@ubuntu10]
Внутренний #1: Запуск queuednotification
2019-02-13 04:44:20 [4@ubuntu10]
Внутренний #1: Запуск graph
2019-02-13 04:45:20 [2@ubuntu10]
Внутренний #1: Запуск olaticket
2019-02-13 04:50:40 [2@ubuntu10]
Внутренний #1: Запуск planningrecall
2019-02-13 04:55:57 [2@ubuntu10]
Внутренний #1: Запуск reservation
2019-02-13 05:01:19 [2@ubuntu10]
Внутренний #1: Запуск mailgate
2019-02-13 05:06:20 [2@ubuntu10]
Внутренний #1: Запуск ticketrecurrent
2019-02-13 05:11:28 [2@ubuntu10]
Внутренний #1: Запуск temp
2019-02-13 05:12:03 [4@ubuntu10]
Внутренний #1: Запуск alertnotclosed
2019-02-13 05:16:36 [2@ubuntu10]
Внутренний #1: Запуск closeticket
2019-02-13 06:20:07 [2@ubuntu10]
Внутренний #1: Запуск createinquest
2019-02-13 07:54:36 [2@ubuntu10]
Внутренний #1: Запуск watcher
2019-02-13 08:03:58 [2@ubuntu10]
Внутренний #1: Запуск queuednotificationclean
2019-02-13 08:14:23 [2@ubuntu10]
Внутренний #1: Запуск slaticket
2019-02-13 08:19:25 [2@ubuntu10]
Внутренний #1: Запуск queuednotification
2019-02-13 08:25:24 [2@ubuntu10]
Внутренний #1: Запуск olaticket
2019-02-13 08:31:26 [2@ubuntu10]
Внутренний #1: Запуск planningrecall
2019-02-13 09:35:54 [2@ubuntu10]
Внутренний #1: Запуск mailgate
2019-02-13 09:43:40 [2@ubuntu10]
Внутренний #1: Запуск graph
2019-02-13 09:52:18 [2@ubuntu10]
Внутренний #1: Запуск reservation
2019-02-13 09:58:51 [2@ubuntu10]
Внутренний #1: Запуск ticketrecurrent
2019-02-13 10:00:51 [@ubuntu10]
Внутренний #1: Запуск temp
2019-02-13 10:10:52 [@ubuntu10]
Внутренний #1: Запуск slaticket
2019-02-13 10:35:48 [2@ubuntu10]
Внутренний #1: Запуск queuednotification
2019-02-13 10:36:07 [@ubuntu10]
Внутренний #1: Запуск olaticket
2019-02-13 10:44:44 [2@ubuntu10]
Внутренний #1: Запуск planningrecall
2019-02-13 10:45:29 [@ubuntu10]
Внутренний #1: Запуск mailgate
2019-02-13 10:54:30 [2@ubuntu10]
Внутренний #1: Запуск slaticket
2019-02-13 11:02:11 [2@ubuntu10]
Внутренний #1: Запуск queuednotification
2019-02-14 02:28:21 [2@ubuntu10]
Внутренний #1: Запуск olaticket
2019-02-14 02:41:19 [2@ubuntu10]
Внутренний #1: Запуск graph
2019-02-14 02:47:29 [2@ubuntu10]
Внутренний #1: Запуск planningrecall
2019-02-14 03:04:43 [2@ubuntu10]
Внутренний #1: Запуск reservation
2019-02-14 03:13:36 [2@ubuntu10]
Внутренний #1: Запуск mailgate
2019-02-14 03:18:41 [2@ubuntu10]
Внутренний #1: Запуск ticketrecurrent
2019-02-14 05:03:46 [2@ubuntu10]
Внутренний #1: Запуск slaticket
2019-02-14 05:27:17 [2@ubuntu10]
Внутренний #1: Запуск temp
2019-02-14 05:32:36 [2@ubuntu10]
Внутренний #1: Запуск queuednotification
2019-02-14 05:52:23 [2@ubuntu10]
Внутренний #1: Запуск alertnotclosed
2019-02-14 05:57:34 [2@ubuntu10]
Внутренний #1: Запуск closeticket
2019-02-14 06:17:24 [2@ubuntu10]
Внутренний #1: Запуск mailgateerror
2019-02-14 06:25:26 [2@ubuntu10]
Внутренний #1: Запуск olaticket
2019-02-14 07:43:32 [2@ubuntu10]
Внутренний #1: Запуск planningrecall
2019-02-14 08:03:54 [@ubuntu10]
Внутренний #1: Запуск mailgate
2019-02-14 08:47:37 [2@ubuntu10]
Внутренний #1: Запуск graph
2019-02-14 09:37:24 [2@ubuntu10]
Внутренний #1: Запуск reservation
2019-02-14 09:42:32 [2@ubuntu10]
Внутренний #1: Запуск contract
2019-02-14 09:48:39 [2@ubuntu10]
Внутренний #1: Запуск infocom
2019-02-14 09:54:09 [2@ubuntu10]
Внутренний #1: Запуск ticketrecurrent
2019-02-14 10:20:01 [2@ubuntu10]
Внутренний #1: Запуск session
2019-02-14 10:20:30 [@ubuntu10]
Внутренний #1: Запуск slaticket
2019-02-14 10:35:54 [4@ubuntu10]
Внутренний #1: Запуск queuednotification
2019-02-14 10:36:13 [@ubuntu10]
Внутренний #1: Запуск createinquest
2019-02-14 10:40:49 [@ubuntu10]
Внутренний #1: Запуск temp
2019-02-14 10:41:21 [@ubuntu10]
Внутренний #1: Запуск olaticket
2019-02-14 10:50:28 [2@ubuntu10]
Внутренний #1: Запуск planningrecall
2019-02-14 10:51:27 [4@ubuntu10]
Внутренний #1: Запуск watcher
2019-02-14 10:51:48 [@ubuntu10]
Внутренний #1: Запуск queuednotificationclean
2019-02-15 02:27:27 [4@ubuntu10]
Внутренний #1: Запуск mailgate
2019-02-15 02:34:25 [4@ubuntu10]
Внутренний #1: Запуск graph
2019-02-15 02:39:43 [4@ubuntu10]
Внутренний #1: Запуск slaticket
2019-02-15 02:44:03 [2@ubuntu10]
Внутренний #1: Запуск queuednotification
2019-02-15 02:49:31 [2@ubuntu10]
Внутренний #1: Запуск reservation
2019-02-15 02:50:05 [4@ubuntu10]
Внутренний #1: Запуск olaticket
2019-02-15 02:55:18 [2@ubuntu10]
Внутренний #1: Запуск ticketrecurrent
2019-02-15 03:03:37 [2@ubuntu10]
Внутренний #1: Запуск planningrecall
2019-02-15 03:12:40 [2@ubuntu10]
Внутренний #1: Запуск temp
2019-02-15 03:18:32 [2@ubuntu10]
Внутренний #1: Запуск alertnotclosed
2019-02-15 03:26:06 [2@ubuntu10]
Внутренний #1: Запуск closeticket
2019-02-15 03:31:41 [2@ubuntu10]
Внутренний #1: Запуск mailgate
2019-02-15 03:36:55 [4@ubuntu10]
Внутренний #1: Запуск slaticket
2019-02-15 03:39:03 [2@ubuntu10]
Внутренний #1: Запуск queuednotification
2019-02-15 03:45:11 [2@ubuntu10]
Внутренний #1: Запуск olaticket
2019-02-15 03:50:20 [2@ubuntu10]
Внутренний #1: Запуск planningrecall
2019-02-15 03:55:39 [2@ubuntu10]
Внутренний #1: Запуск graph
2019-02-15 04:01:01 [2@ubuntu10]
Внутренний #1: Запуск queuednotification
2019-02-15 04:06:20 [2@ubuntu10]
Внутренний #1: Запуск mailgate
2019-02-15 04:13:03 [2@ubuntu10]
Внутренний #1: Запуск slaticket
2019-02-15 04:16:02 [4@ubuntu10]
Внутренний #1: Запуск reservation
2019-02-15 04:27:12 [2@ubuntu10]
Внутренний #1: Запуск olaticket
2019-02-15 04:33:55 [2@ubuntu10]
Внутренний #1: Запуск ticketrecurrent
2019-02-15 04:42:53 [2@ubuntu10]
Внутренний #1: Запуск planningrecall
2019-02-15 04:48:02 [2@ubuntu10]
Внутренний #1: Запуск queuednotification
2019-02-15 04:49:27 [4@ubuntu10]
Внутренний #1: Запуск temp
2019-02-15 04:57:22 [4@ubuntu10]
Внутренний #1: Запуск mailgate
2019-02-15 04:57:29 [2@ubuntu10]
Внутренний #1: Запуск slaticket
2019-02-15 05:02:37 [2@ubuntu10]
Внутренний #1: Запуск olaticket
2019-02-15 05:07:47 [2@ubuntu10]
Внутренний #1: Запуск planningrecall
2019-02-15 05:32:42 [2@ubuntu10]
Внутренний #1: Запуск queuednotification
2019-02-15 05:32:55 [4@ubuntu10]
Внутренний #1: Запуск graph
2019-02-15 05:37:46 [2@ubuntu10]
Внутренний #1: Запуск slaticket
2019-02-15 05:42:50 [2@ubuntu10]
Внутренний #1: Запуск mailgate
2019-02-15 05:48:07 [2@ubuntu10]
Внутренний #1: Запуск olaticket
2019-02-15 05:53:16 [2@ubuntu10]
Внутренний #1: Запуск planningrecall
2019-02-15 05:58:22 [2@ubuntu10]
Внутренний #1: Запуск reservation
2019-02-15 06:03:58 [2@ubuntu10]
Внутренний #1: Запуск ticketrecurrent
2019-02-15 06:09:14 [2@ubuntu10]
Внутренний #1: Запуск queuednotification
2019-02-15 06:14:18 [2@ubuntu10]
Внутренний #1: Запуск slaticket
2019-02-15 06:19:44 [2@ubuntu10]
Внутренний #1: Запуск temp
2019-02-15 06:25:12 [2@ubuntu10]
Внутренний #1: Запуск mailgate
2019-02-15 06:30:26 [2@ubuntu10]
Внутренний #1: Запуск olaticket
2019-02-15 06:35:47 [2@ubuntu10]
Внутренний #1: Запуск planningrecall
2019-02-15 06:40:53 [2@ubuntu10]
Внутренний #1: Запуск queuednotification
2019-02-15 07:05:12 [2@ubuntu10]
Внутренний #1: Запуск mailgateerror
2019-02-15 07:10:35 [2@ubuntu10]
Внутренний #1: Запуск slaticket
2019-02-15 08:27:14 [4@ubuntu10]
Внутренний #1: Запуск graph
2019-02-15 08:27:22 [2@ubuntu10]
Внутренний #1: Запуск mailgate
2019-02-15 08:41:10 [2@ubuntu10]
Внутренний #1: Запуск olaticket
2019-02-15 08:49:58 [2@ubuntu10]
Внутренний #1: Запуск planningrecall
2019-02-15 08:56:01 [2@ubuntu10]
Внутренний #1: Запуск queuednotification
2019-02-15 09:03:44 [2@ubuntu10]
Внутренний #1: Запуск reservation
2019-02-15 09:10:47 [2@ubuntu10]
Внутренний #1: Запуск ticketrecurrent
2019-02-15 09:15:48 [2@ubuntu10]
Внутренний #1: Запуск slaticket
2019-02-15 09:26:32 [2@ubuntu10]
Внутренний #1: Запуск temp
2019-02-15 09:30:44 [4@ubuntu10]
Внутренний #1: Запуск mailgate
2019-02-15 09:34:05 [2@ubuntu10]
Внутренний #1: Запуск olaticket
2019-02-15 09:39:21 [2@ubuntu10]
Внутренний #1: Запуск planningrecall
2019-02-15 09:44:50 [2@ubuntu10]
Внутренний #1: Запуск queuednotification
2019-02-15 09:49:05 [4@ubuntu10]
Внутренний #1: Запуск slaticket
2019-02-15 09:52:27 [2@ubuntu10]
Внутренний #1: Запуск graph
2019-02-15 09:54:05 [4@ubuntu10]
Внутренний #1: Запуск olaticket
2019-02-15 09:58:13 [2@ubuntu10]
Внутренний #1: Запуск mailgate
2019-02-15 10:04:46 [2@ubuntu10]
Внутренний #1: Запуск contract
2019-02-15 10:14:23 [4@ubuntu10]
Внутренний #1: Запуск planningrecall
2019-02-15 10:58:42 [@ubuntu10]
Внутренний #1: Запуск queuednotification
2019-02-15 11:05:44 [@ubuntu10]
Внутренний #1: Запуск infocom
2019-02-15 11:06:47 [@ubuntu10]
Внутренний #1: Запуск slaticket
2019-02-15 11:07:09 [@ubuntu10]
Внутренний #1: Запуск olaticket
2019-02-15 11:15:27 [2@ubuntu10]
Внутренний #1: Запуск reservation
2019-02-18 02:44:53 [2@ubuntu10]
Внутренний #1: Запуск mailgate
2019-02-18 02:50:41 [2@ubuntu10]
Внутренний #1: Запуск ticketrecurrent
2019-02-18 02:56:05 [2@ubuntu10]
Внутренний #1: Запуск planningrecall
2019-02-18 03:21:08 [2@ubuntu10]
Внутренний #1: Запуск session
2019-02-18 04:37:05 [2@ubuntu10]
Внутренний #1: Запуск temp
2019-02-18 04:42:29 [2@ubuntu10]
Внутренний #1: Запуск createinquest
2019-02-18 04:54:27 [2@ubuntu10]
Внутренний #1: Запуск watcher
2019-02-18 05:01:33 [2@ubuntu10]
Внутренний #1: Запуск queuednotificationclean
2019-02-18 05:10:42 [@ubuntu10]
Внутренний #1: Запуск graph
2019-02-18 05:11:17 [@ubuntu10]
Внутренний #1: Запуск queuednotification
2019-02-18 05:17:48 [@ubuntu10]
Внутренний #1: Запуск slaticket
2019-02-18 05:17:52 [@ubuntu10]
Внутренний #1: Запуск olaticket
2019-02-18 06:10:24 [4@ubuntu10]
Внутренний #1: Запуск reservation
2019-02-18 08:21:00 [6@ubuntu10]
Внутренний #1: Запуск alertnotclosed
2019-02-19 04:42:22 [@ubuntu10]
Внутренний #1: Запуск closeticket
2019-02-19 04:50:02 [2@ubuntu10]
Внутренний #1: Запуск mailgateerror
2019-02-19 04:58:07 [2@ubuntu10]
Внутренний #1: Запуск contract
2019-02-19 05:04:47 [2@ubuntu10]
Внутренний #1: Запуск infocom
