2019-02-12 05:29:29 [@ubuntu10]
1 секунда for "Изменение структуры БД - glpi_itils_projects" @ 2019-02-12 05:29:29 [@ubuntu10]
0 секунд for "Изменение структуры БД - glpi_itils_projects" @ 2019-02-12 05:29:29 [@ubuntu10]
0 секунд for "Изменение структуры БД - glpi_itils_projects" @ 2019-02-12 05:29:29 [@ubuntu10]
0 секунд for "Изменение структуры БД - glpi_groups" @ 2019-02-12 05:29:29 [@ubuntu10]
0 секунд for "Изменение структуры БД - glpi_itilfollowups" @ 2019-02-12 05:29:29 [@ubuntu10]
0 секунд for "Изменение структуры БД - glpi_consumableitems" @ 2019-02-12 05:29:29 [@ubuntu10]
0 секунд for "Изменение структуры БД - glpi_users" @ 2019-02-12 05:29:29 [@ubuntu10]
0 секунд for "Изменение структуры БД - glpi_mailcollectors" @ 2019-02-12 05:29:29 [@ubuntu10]
0 секунд for "Изменение структуры БД - glpi_rulecriterias" @ 2019-02-12 05:29:29 [@ubuntu10]
0 секунд for "Изменение структуры БД - glpi_items_operatingsystems" @ 2019-02-12 05:29:29 [@ubuntu10]
0 секунд for "Изменение структуры БД - glpi_itilfollowups" @ 2019-02-12 05:29:29 [@ubuntu10]
0 секунд for "Изменение структуры БД - glpi_requesttypes" @ 2019-02-12 05:29:29 [@ubuntu10]
0 секунд for "Изменение структуры БД - glpi_itilsolutions" @ 2019-02-12 05:29:29 [@ubuntu10]
0 секунд for "Изменение структуры БД - glpi_changetasks" @ 2019-02-12 05:29:29 [@ubuntu10]
0 секунд for "Изменение структуры БД - glpi_changevalidations" @ 2019-02-12 05:29:30 [@ubuntu10]
1 секунда for "Изменение структуры БД - glpi_problemtasks" @ 2019-02-12 05:29:30 [@ubuntu10]
0 секунд for "Изменение структуры БД - glpi_tickets" @ 2019-02-12 05:29:30 [@ubuntu10]
0 секунд for "Изменение структуры БД - glpi_authldaps" @ 2019-02-12 05:29:30 [@ubuntu10]
0 секунд for "Значения настроек добавлены для cas_version" @ 